<?xml version="1.0" encoding="UTF-8"?>
<!-- Generated by org.testng.reporters.JUnitXMLReporter -->
<testsuite ignored="0" hostname="ILAKKIYA" failures="0" tests="4" name="Default test" time="46.013" errors="0" timestamp="13 Aug 2023 07:14:03 GMT">
  <testcase classname="com.TestNG.amazon_test.Test_Runner" name="testcase_001" time="22.928"/>
  <testcase classname="com.TestNG.amazon_test.Test_Runner" name="testcase_002" time="19.537"/>
  <testcase classname="com.TestNG.amazon_test.Test_Runner" name="testcase_003" time="3.278"/>
  <testcase classname="com.TestNG.amazon_test.Test_Runner" name="testcase_004" time="0.244"/>
</testsuite> <!-- Default test -->
