<?xml version="1.0" encoding="UTF-8"?>
<!-- Generated by org.testng.reporters.JUnitXMLReporter -->
<testsuite ignored="0" hostname="ILAKKIYA" failures="0" tests="4" name="Test2" time="18.72" errors="0" timestamp="2023-08-02T12:29:37 IST">
  <testcase classname="Advanceselenium.pgm117" name="Testcase_003" time="5.969"/>
  <testcase classname="Advanceselenium.pgm117" name="Testcase_004" time="6.102"/>
  <testcase classname="Advanceselenium.pgm116" name="testcase_001" time="2.884"/>
  <testcase classname="Advanceselenium.pgm116" name="testcase_002" time="3.685"/>
</testsuite> <!-- Test2 -->
