<?xml version="1.0" encoding="UTF-8"?>
<!-- Generated by org.testng.reporters.JUnitXMLReporter -->
<testsuite ignored="0" hostname="ILAKKIYA" failures="0" tests="4" name="Test" time="29.367" errors="0" timestamp="14 Aug 2023 06:07:51 GMT">
  <testcase classname="com.TestNG.amazon_test.Test_Runner" name="testcase_001" time="17.721"/>
  <testcase classname="com.TestNG.amazon_test.Test_Runner" name="testcase_002" time="7.23"/>
  <testcase classname="com.TestNG.amazon_test.Test_Runner" name="testcase_003" time="3.64"/>
  <testcase classname="com.TestNG.amazon_test.Test_Runner" name="testcase_004" time="0.712"/>
</testsuite> <!-- Test -->
